<?xml version="1.0" encoding="UTF-8"?>
<!-- Generated by org.testng.reporters.JUnitReportReporter -->
<testsuite hostname="LAPTOP-FJFDJBKU" failures="0" tests="1" name="com.crm.testscripts.LoginTest" time="9.271" errors="0" timestamp="2022-03-28T15:04:49 IST" skipped="0">
  <testcase classname="com.crm.testscripts.LoginTest" name="login" time="9.271"/>
  <system-out/>
</testsuite> <!-- com.crm.testscripts.LoginTest -->
