<?xml version="1.0" encoding="UTF-8"?>
<!-- Generated by org.testng.reporters.JUnitReportReporter -->
<testsuite skipped="0" hostname="LAPTOP-FJFDJBKU" name="com.crm.testscripts.ParameterTest" tests="1" failures="0" timestamp="2022-03-23T12:41:44 IST" time="0.009" errors="0">
  <testcase name="parameter" time="0.009" classname="com.crm.testscripts.ParameterTest"/>
  <system-out/>
</testsuite> <!-- com.crm.testscripts.ParameterTest -->
