<?xml version="1.0" encoding="UTF-8"?>
<!-- Generated by org.testng.reporters.JUnitReportReporter -->
<testsuite skipped="0" hostname="LAPTOP-FJFDJBKU" name="com.crm.testscripts.CreateCampaignTest" tests="2" failures="0" timestamp="2022-03-22T23:09:34 IST" time="0.009" errors="0">
  <testcase name="campaignDelete" time="0.001" classname="com.crm.testscripts.CreateCampaignTest"/>
  <system-out/>
  <testcase name="campaign" time="0.008" classname="com.crm.testscripts.CreateCampaignTest"/>
  <system-out/>
</testsuite> <!-- com.crm.testscripts.CreateCampaignTest -->
