<?xml version="1.0" encoding="UTF-8"?>
<!-- Generated by org.testng.reporters.JUnitReportReporter -->
<testsuite skipped="0" hostname="LAPTOP-FJFDJBKU" name="com.crm.testscripts.CreateContactTest" tests="1" failures="0" timestamp="2022-03-22T19:02:40 IST" time="0.001" errors="0">
  <testcase name="createCon" time="0.001" classname="com.crm.testscripts.CreateContactTest"/>
  <system-out/>
</testsuite> <!-- com.crm.testscripts.CreateContactTest -->
