<?xml version="1.0" encoding="UTF-8"?>
<!-- Generated by org.testng.reporters.JUnitReportReporter -->
<testsuite skipped="0" hostname="LAPTOP-FJFDJBKU" name="com.crm.testscripts.CreateOrganizationTest" tests="1" failures="0" timestamp="2022-03-23T12:34:47 IST" time="0.001" errors="0">
  <testcase name="creatOrg" time="0.001" classname="com.crm.testscripts.CreateOrganizationTest"/>
  <system-out/>
</testsuite> <!-- com.crm.testscripts.CreateOrganizationTest -->
