<?xml version="1.0" encoding="UTF-8"?>
<!-- Generated by org.testng.reporters.JUnitReportReporter -->
<testsuite skipped="0" hostname="LAPTOP-FJFDJBKU" name="com.crm.testscripts.ProductCreationTest" tests="1" failures="0" timestamp="2022-03-23T12:34:47 IST" time="0.011" errors="0">
  <testcase name="createProduct" time="0.011" classname="com.crm.testscripts.ProductCreationTest"/>
  <system-out/>
</testsuite> <!-- com.crm.testscripts.ProductCreationTest -->
